#-----------------------------------------------------------
# Webtalk v2015.4 (64-bit)
# SW Build 1412921 on Wed Nov 18 09:43:45 MST 2015
# 
# Start of session at: Tue Mar 09 19:33:43 2021
# Process ID: 26532
# Current directory: E:/system_arm/Software/DI_PROJECT/CODE/DI_v1.5/webtalk
# Command line: wbtcv.exe -mode batch -source sdk_webtalk.tcl
# Log file: E:/system_arm/Software/DI_PROJECT/CODE/DI_v1.5/webtalk/webtalk.log
# Journal file: E:/system_arm/Software/DI_PROJECT/CODE/DI_v1.5/webtalk\webtalk.jou
#-----------------------------------------------------------
source sdk_webtalk.tcl
# webtalk_init -webtalk_dir E:\\system_arm\\Software\\DI_PROJECT\\CODE\\DI_v1.5\\webtalk
# webtalk_register_client -client project
# webtalk_add_data -client project -key date_generated -value "星期二 三月 9 19:33:42 2021" -context "software_version_and_target_device"
# webtalk_add_data -client project -key product_version -value "SDK v2015.4" -context "software_version_and_target_device"
# webtalk_add_data -client project -key build_version -value "2015.4" -context "software_version_and_target_device"
# webtalk_add_data -client project -key os_platform -value "amd64" -context "software_version_and_target_device"
# webtalk_add_data -client project -key registration_id -value "" -context "software_version_and_target_device"
# webtalk_add_data -client project -key tool_flow -value "SDK" -context "software_version_and_target_device"
# webtalk_add_data -client project -key beta -value "false" -context "software_version_and_target_device"
# webtalk_add_data -client project -key route_design -value "NA" -context "software_version_and_target_device"
# webtalk_add_data -client project -key target_family -value "NA" -context "software_version_and_target_device"
# webtalk_add_data -client project -key target_device -value "NA" -context "software_version_and_target_device"
# webtalk_add_data -client project -key target_package -value "NA" -context "software_version_and_target_device"
# webtalk_add_data -client project -key target_speed -value "NA" -context "software_version_and_target_device"
# webtalk_add_data -client project -key random_id -value "3dimi97ug1rgth2536ic7rc5rn" -context "software_version_and_target_device"
# webtalk_add_data -client project -key project_id -value "2015.4_46" -context "software_version_and_target_device"
# webtalk_add_data -client project -key project_iteration -value "46" -context "software_version_and_target_device"
# webtalk_add_data -client project -key os_name -value "" -context "user_environment"
# webtalk_add_data -client project -key os_release -value "" -context "user_environment"
# webtalk_add_data -client project -key cpu_name -value "" -context "user_environment"
# webtalk_add_data -client project -key cpu_speed -value "" -context "user_environment"
# webtalk_add_data -client project -key total_processors -value "" -context "user_environment"
# webtalk_add_data -client project -key system_ram -value "" -context "user_environment"
# webtalk_register_client -client sdk
# webtalk_add_data -client sdk -key uid -value "1615274308434" -context "sdk\\\\bsp/1615274308434"
# webtalk_add_data -client sdk -key hwid -value "1615272814144" -context "sdk\\\\bsp/1615274308434"
# webtalk_add_data -client sdk -key os -value "standalone" -context "sdk\\\\bsp/1615274308434"
# webtalk_add_data -client sdk -key apptemplate -value "hello_world" -context "sdk\\\\bsp/1615274308434"
# webtalk_add_data -client sdk -key uid -value "1615274311470" -context "sdk\\\\application/1615274311470"
# webtalk_add_data -client sdk -key hwid -value "1615272814144" -context "sdk\\\\application/1615274311470"
# webtalk_add_data -client sdk -key bspid -value "1615274308434" -context "sdk\\\\application/1615274311470"
# webtalk_add_data -client sdk -key newbsp -value "true" -context "sdk\\\\application/1615274311470"
# webtalk_add_data -client sdk -key os -value "standalone" -context "sdk\\\\application/1615274311470"
# webtalk_add_data -client sdk -key apptemplate -value "hello_world" -context "sdk\\\\application/1615274311470"
# webtalk_add_data -client sdk -key uid -value "1615274364176" -context "sdk\\\\bsp/1615274364176"
# webtalk_add_data -client sdk -key hwid -value "1615272814144" -context "sdk\\\\bsp/1615274364176"
# webtalk_add_data -client sdk -key os -value "standalone" -context "sdk\\\\bsp/1615274364176"
# webtalk_add_data -client sdk -key apptemplate -value "zynq_fsbl" -context "sdk\\\\bsp/1615274364176"
# webtalk_add_data -client sdk -key uid -value "1615274371477" -context "sdk\\\\application/1615274371477"
# webtalk_add_data -client sdk -key hwid -value "1615272814144" -context "sdk\\\\application/1615274371477"
# webtalk_add_data -client sdk -key bspid -value "1615274364176" -context "sdk\\\\application/1615274371477"
# webtalk_add_data -client sdk -key newbsp -value "true" -context "sdk\\\\application/1615274371477"
# webtalk_add_data -client sdk -key os -value "standalone" -context "sdk\\\\application/1615274371477"
# webtalk_add_data -client sdk -key apptemplate -value "zynq_fsbl" -context "sdk\\\\application/1615274371477"
# webtalk_transmit -clientid 3753719381 -regid "" -xml E:\\system_arm\\Software\\DI_PROJECT\\CODE\\DI_v1.5\\webtalk\\usage_statistics_ext_sdk.xml -html E:\\system_arm\\Software\\DI_PROJECT\\CODE\\DI_v1.5\\webtalk\\usage_statistics_ext_sdk.html -wdm E:\\system_arm\\Software\\DI_PROJECT\\CODE\\DI_v1.5\\webtalk\\sdk_webtalk.wdm -intro "<H3>SDK Usage Report</H3><BR>"

    while executing
"webtalk_transmit -clientid 3753719381 -regid "" -xml E:\\system_arm\\Software\\DI_PROJECT\\CODE\\DI_v1.5\\webtalk\\usage_statistics_ext_sdk.xml -html ..."
    (file "sdk_webtalk.tcl" line 45)
INFO: [Common 17-206] Exiting Webtalk at Tue Mar 09 19:33:45 2021...
